<?xml version="1.0" encoding="UTF-8"?>
<testsuite name="units.TimeUnitConverterTest" tests="2" skipped="0" failures="0" errors="0" timestamp="2017-02-18T21:53:24" hostname="WIN-8UJOACIV1C0" time="0.002">
  <properties/>
  <testcase name="testArray" classname="units.TimeUnitConverterTest" time="0.002"/>
  <testcase name="testSingelValues" classname="units.TimeUnitConverterTest" time="0.0"/>
  <system-out><![CDATA[]]></system-out>
  <system-err><![CDATA[]]></system-err>
</testsuite>
