<?xml version="1.0" encoding="UTF-8"?>
<testsuite name="common.ArrayUtilsTest" tests="3" skipped="0" failures="0" errors="0" timestamp="2017-02-19T11:04:16" hostname="WIN-8UJOACIV1C0" time="0.002">
  <properties/>
  <testcase name="testListToArray" classname="common.ArrayUtilsTest" time="0.002"/>
  <testcase name="testMax" classname="common.ArrayUtilsTest" time="0.0"/>
  <testcase name="testMin" classname="common.ArrayUtilsTest" time="0.0"/>
  <system-out><![CDATA[]]></system-out>
  <system-err><![CDATA[]]></system-err>
</testsuite>
